0 info it worked if it ends with ok
1 verbose cli [ 'node', '/usr/local/bin/npm', 'install', 'Bootstrap' ]
2 info using npm@1.4.26
3 info using node@v0.10.31
4 verbose node symlink /usr/local/bin/node
5 verbose cache add [ 'Bootstrap', null ]
6 verbose cache add name=undefined spec="Bootstrap" args=["Bootstrap",null]
7 verbose parsed url { protocol: null,
7 verbose parsed url   slashes: null,
7 verbose parsed url   auth: null,
7 verbose parsed url   host: null,
7 verbose parsed url   port: null,
7 verbose parsed url   hostname: null,
7 verbose parsed url   hash: null,
7 verbose parsed url   search: null,
7 verbose parsed url   query: null,
7 verbose parsed url   pathname: 'Bootstrap',
7 verbose parsed url   path: 'Bootstrap',
7 verbose parsed url   href: 'Bootstrap' }
8 silly lockFile 89ec4ec2-Bootstrap Bootstrap
9 verbose lock Bootstrap /Users/overstreetce/.npm/89ec4ec2-Bootstrap.lock
10 silly lockFile 89ec4ec2-Bootstrap Bootstrap
11 silly lockFile 89ec4ec2-Bootstrap Bootstrap
12 verbose addNamed [ 'Bootstrap', '' ]
13 verbose addNamed [ null, '*' ]
14 silly lockFile 72ef1b40-Bootstrap Bootstrap@
15 verbose lock Bootstrap@ /Users/overstreetce/.npm/72ef1b40-Bootstrap.lock
16 silly addNameRange { name: 'Bootstrap', range: '*', hasData: false }
17 verbose request where is /Bootstrap
18 verbose request registry https://registry.npmjs.org/
19 verbose request id 289535a25d882724
20 verbose url raw /Bootstrap
21 verbose url resolving [ 'https://registry.npmjs.org/', './Bootstrap' ]
22 verbose url resolved https://registry.npmjs.org/Bootstrap
23 verbose request where is https://registry.npmjs.org/Bootstrap
24 info trying registry request attempt 1 at 15:49:40
25 http GET https://registry.npmjs.org/Bootstrap
26 http 404 https://registry.npmjs.org/Bootstrap
27 verbose headers { date: 'Wed, 08 Oct 2014 19:49:41 GMT',
27 verbose headers   server: 'CouchDB/1.5.0 (Erlang OTP/R16B03)',
27 verbose headers   'content-type': 'application/json',
27 verbose headers   'cache-control': 'max-age=0',
27 verbose headers   'content-length': '52',
27 verbose headers   'accept-ranges': 'bytes',
27 verbose headers   via: '1.1 varnish',
27 verbose headers   age: '0',
27 verbose headers   'x-served-by': 'cache-iad2125-IAD',
27 verbose headers   'x-cache': 'MISS',
27 verbose headers   'x-cache-hits': '0',
27 verbose headers   'x-timer': 'S1412797780.640900,VS0,VE363',
27 verbose headers   'keep-alive': 'timeout=10, max=50',
27 verbose headers   connection: 'Keep-Alive' }
28 silly registry.get cb [ 404,
28 silly registry.get   { date: 'Wed, 08 Oct 2014 19:49:41 GMT',
28 silly registry.get     server: 'CouchDB/1.5.0 (Erlang OTP/R16B03)',
28 silly registry.get     'content-type': 'application/json',
28 silly registry.get     'cache-control': 'max-age=0',
28 silly registry.get     'content-length': '52',
28 silly registry.get     'accept-ranges': 'bytes',
28 silly registry.get     via: '1.1 varnish',
28 silly registry.get     age: '0',
28 silly registry.get     'x-served-by': 'cache-iad2125-IAD',
28 silly registry.get     'x-cache': 'MISS',
28 silly registry.get     'x-cache-hits': '0',
28 silly registry.get     'x-timer': 'S1412797780.640900,VS0,VE363',
28 silly registry.get     'keep-alive': 'timeout=10, max=50',
28 silly registry.get     connection: 'Keep-Alive' } ]
29 silly lockFile 72ef1b40-Bootstrap Bootstrap@
30 silly lockFile 72ef1b40-Bootstrap Bootstrap@
31 error 404 404 Not Found: Bootstrap
31 error 404
31 error 404 'Bootstrap' is not in the npm registry.
31 error 404 You should bug the author to publish it
31 error 404
31 error 404 Note that you can also install from a
31 error 404 tarball, folder, or http url, or git url.
32 error System Darwin 13.3.0
33 error command "node" "/usr/local/bin/npm" "install" "Bootstrap"
34 error cwd /Users/overstreetce/Projects/fill-element
35 error node -v v0.10.31
36 error npm -v 1.4.26
37 error code E404
38 verbose exit [ 1, true ]
